Using pre-set license
Built from '2020.2/release' branch; Version is '2020.2.2f1 (068178b99f32) revision 426360'; Using compiler version '192528614'; Build Type 'Release'
OS: 'Windows 10 Home; OS build 19041.985; Version 2004; 64bit' Language: 'en' Physical Memory: 7068 MB
BatchMode: 1, IsHumanControllingUs: 0, StartBugReporterOnCrash: 0, Is64bit: 1, IsPro: 0

 COMMAND LINE ARGUMENTS:
C:\Program Files\Unity\Hub\Editor\2020.2.2f1\Editor\Unity.exe
-adb2
-batchMode
-noUpm
-name
AssetImportWorker0
-projectPath
C:/Users/Stephane/Documents/GitHub/SpaceSim
-logFile
Logs/AssetImportWorker0.log
-srvPort
52994
Successfully changed project path to: C:/Users/Stephane/Documents/GitHub/SpaceSim
C:/Users/Stephane/Documents/GitHub/SpaceSim
Using Asset Import Pipeline V2.
Refreshing native plugins compatible for Editor in 26.70 ms, found 0 plugins.
Preloading 0 native plugins for Editor in 0.00 ms.
Initialize engine version: 2020.2.2f1 (068178b99f32)
[Subsystems] Discovering subsystems at path C:/Program Files/Unity/Hub/Editor/2020.2.2f1/Editor/Data/Resources/UnitySubsystems
[Subsystems] Discovering subsystems at path C:/Users/Stephane/Documents/GitHub/SpaceSim/Assets
GfxDevice: creating device client; threaded=0
Direct3D:
    Version:  Direct3D 11.0 [level 11.1]
    Renderer: AMD Radeon(TM) RX Vega 10 Graphics (ID=0x15dd)
    Vendor:   
    VRAM:     3534 MB
    Driver:   23.20.840.0
Initialize mono
Mono path[0] = 'C:/Program Files/Unity/Hub/Editor/2020.2.2f1/Editor/Data/Managed'
Mono path[1] = 'C:/Program Files/Unity/Hub/Editor/2020.2.2f1/Editor/Data/MonoBleedingEdge/lib/mono/unityjit'
Mono config path = 'C:/Program Files/Unity/Hub/Editor/2020.2.2f1/Editor/Data/MonoBleedingEdge/etc'
Using monoOptions --debugger-agent=transport=dt_socket,embedding=1,server=y,suspend=n,address=127.0.0.1:56672
Begin MonoManager ReloadAssembly
Registering precompiled unity dll's ...
Register platform support module: C:/Program Files/Unity/Hub/Editor/2020.2.2f1/Editor/Data/PlaybackEngines/WindowsStandaloneSupport/UnityEditor.WindowsStandalone.Extensions.dll
Registered in 0.002687 seconds.
Native extension for WindowsStandalone target not found
Refreshing native plugins compatible for Editor in 27.17 ms, found 0 plugins.
Preloading 0 native plugins for Editor in 0.00 ms.
Invoked RoslynAnalysisRunner static constructor.
RoslynAnalysisRunner will not be running.
RoslynAnalysisRunner has terminated.
Mono: successfully reloaded assembly
- Completed reload, in  2.667 seconds
Platform modules already initialized, skipping
Registering precompiled user dll's ...
Registered in 0.000808 seconds.
Begin MonoManager ReloadAssembly
Native extension for WindowsStandalone target not found
Refreshing native plugins compatible for Editor in 0.27 ms, found 0 plugins.
Preloading 0 native plugins for Editor in 0.00 ms.
Invoked RoslynAnalysisRunner static constructor.
RoslynAnalysisRunner will not be running.
RoslynAnalysisRunner has terminated.
Mono: successfully reloaded assembly
- Completed reload, in  1.188 seconds
Platform modules already initialized, skipping
========================================================================
Worker process is ready to serve import requests
Launched and connected shader compiler UnityShaderCompiler.exe after 0.07 seconds
Refreshing native plugins compatible for Editor in 0.35 ms, found 0 plugins.
Preloading 0 native plugins for Editor in 0.00 ms.
Unloading 1102 Unused Serialized files (Serialized files now loaded: 0)
System memory in use before: 57.2 MB.
System memory in use after: 57.2 MB.

Unloading 10 unused Assets to reduce memory usage. Loaded Objects now: 1547.
Total: 2.509200 ms (FindLiveObjects: 0.264200 ms CreateObjectMapping: 0.087600 ms MarkObjects: 2.054200 ms  DeleteObjects: 0.101100 ms)

========================================================================
Received Import Request.
  path: Assets/Scripts/Pooling
  artifactKey: Guid(e5997a32acc22c64990f72aa810f2a85) Importer(815301076,1909f56bfc062723c751e8b465ee728b)
Start importing Assets/Scripts/Pooling using Guid(e5997a32acc22c64990f72aa810f2a85) Importer(815301076,1909f56bfc062723c751e8b465ee728b)  -> (artifact id: '380a543ad9886ab178487f260f4a0e37') in 0.019902 seconds
  Import took 0.022561 seconds .

========================================================================
Received Import Request.
  Time since last request: 6.333590 seconds.
  path: Assets/Scripts/Pooling/ObjectPooling.cs
  artifactKey: Guid(8336ed88ad9013a40b9093389f4de124) Importer(815301076,1909f56bfc062723c751e8b465ee728b)
Start importing Assets/Scripts/Pooling/ObjectPooling.cs using Guid(8336ed88ad9013a40b9093389f4de124) Importer(815301076,1909f56bfc062723c751e8b465ee728b)  -> (artifact id: '046f721fa89d1441dd548e00a04b4b10') in 0.052685 seconds
  Import took 0.055550 seconds .

========================================================================
Received Prepare
Registering precompiled user dll's ...
Registered in 0.004703 seconds.
Begin MonoManager ReloadAssembly
Native extension for WindowsStandalone target not found
Refreshing native plugins compatible for Editor in 0.41 ms, found 0 plugins.
Preloading 0 native plugins for Editor in 0.00 ms.
Invoked RoslynAnalysisRunner static constructor.
RoslynAnalysisRunner will not be running.
RoslynAnalysisRunner has terminated.
Mono: successfully reloaded assembly
- Completed reload, in  2.156 seconds
Platform modules already initialized, skipping
Refreshing native plugins compatible for Editor in 0.34 ms, found 0 plugins.
Preloading 0 native plugins for Editor in 0.00 ms.
Unloading 1098 Unused Serialized files (Serialized files now loaded: 0)
System memory in use before: 57.3 MB.
System memory in use after: 57.3 MB.

Unloading 5 unused Assets to reduce memory usage. Loaded Objects now: 1550.
Total: 3.445300 ms (FindLiveObjects: 0.259100 ms CreateObjectMapping: 0.060400 ms MarkObjects: 3.030400 ms  DeleteObjects: 0.092500 ms)

========================================================================
Received Import Request.
  Time since last request: 228.676053 seconds.
  path: Assets/Scripts/Pooling/ObjectPooling.cs
  artifactKey: Guid(8336ed88ad9013a40b9093389f4de124) Importer(815301076,1909f56bfc062723c751e8b465ee728b)
Start importing Assets/Scripts/Pooling/ObjectPooling.cs using Guid(8336ed88ad9013a40b9093389f4de124) Importer(815301076,1909f56bfc062723c751e8b465ee728b)  -> (artifact id: 'd3e5f2b204e81d5ceb7ee868928ca86b') in 0.027321 seconds
  Import took 0.031539 seconds .

========================================================================
Received Import Request.
  Time since last request: 0.107394 seconds.
  path: Assets/Scripts/Pooling/ObjectPooling.cs
  artifactKey: Guid(8336ed88ad9013a40b9093389f4de124) Importer(815301076,1909f56bfc062723c751e8b465ee728b)
Start importing Assets/Scripts/Pooling/ObjectPooling.cs using Guid(8336ed88ad9013a40b9093389f4de124) Importer(815301076,1909f56bfc062723c751e8b465ee728b)  -> (artifact id: 'd3e5f2b204e81d5ceb7ee868928ca86b') in 0.008352 seconds
  Import took 0.012641 seconds .

========================================================================
Received Prepare
Registering precompiled user dll's ...
Registered in 0.000833 seconds.
Begin MonoManager ReloadAssembly
Native extension for WindowsStandalone target not found
Refreshing native plugins compatible for Editor in 0.25 ms, found 0 plugins.
Preloading 0 native plugins for Editor in 0.00 ms.
Invoked RoslynAnalysisRunner static constructor.
RoslynAnalysisRunner will not be running.
RoslynAnalysisRunner has terminated.
Mono: successfully reloaded assembly
- Completed reload, in  1.165 seconds
Platform modules already initialized, skipping
Refreshing native plugins compatible for Editor in 0.24 ms, found 0 plugins.
Preloading 0 native plugins for Editor in 0.00 ms.
Unloading 1098 Unused Serialized files (Serialized files now loaded: 0)
System memory in use before: 57.4 MB.
System memory in use after: 57.5 MB.

Unloading 5 unused Assets to reduce memory usage. Loaded Objects now: 1552.
Total: 3.065700 ms (FindLiveObjects: 0.196100 ms CreateObjectMapping: 0.054000 ms MarkObjects: 2.733800 ms  DeleteObjects: 0.079800 ms)

========================================================================
Received Import Request.
  Time since last request: 139.668760 seconds.
  path: Assets/Scripts/Pooling/ObjectPooling.cs
  artifactKey: Guid(8336ed88ad9013a40b9093389f4de124) Importer(815301076,1909f56bfc062723c751e8b465ee728b)
Start importing Assets/Scripts/Pooling/ObjectPooling.cs using Guid(8336ed88ad9013a40b9093389f4de124) Importer(815301076,1909f56bfc062723c751e8b465ee728b)  -> (artifact id: 'c70067f4a765850efa6170233915d0fc') in 0.009090 seconds
  Import took 0.013578 seconds .

========================================================================
Received Import Request.
  Time since last request: 0.093882 seconds.
  path: Assets/Scripts/Pooling/ObjectPooling.cs
  artifactKey: Guid(8336ed88ad9013a40b9093389f4de124) Importer(815301076,1909f56bfc062723c751e8b465ee728b)
Start importing Assets/Scripts/Pooling/ObjectPooling.cs using Guid(8336ed88ad9013a40b9093389f4de124) Importer(815301076,1909f56bfc062723c751e8b465ee728b)  -> (artifact id: 'c70067f4a765850efa6170233915d0fc') in 0.005339 seconds
  Import took 0.009014 seconds .

========================================================================
Received Prepare
Registering precompiled user dll's ...
Registered in 0.000962 seconds.
Begin MonoManager ReloadAssembly
Native extension for WindowsStandalone target not found
Refreshing native plugins compatible for Editor in 0.24 ms, found 0 plugins.
Preloading 0 native plugins for Editor in 0.00 ms.
Invoked RoslynAnalysisRunner static constructor.
RoslynAnalysisRunner will not be running.
RoslynAnalysisRunner has terminated.
Mono: successfully reloaded assembly
- Completed reload, in  1.226 seconds
Platform modules already initialized, skipping
Refreshing native plugins compatible for Editor in 0.30 ms, found 0 plugins.
Preloading 0 native plugins for Editor in 0.00 ms.
Unloading 1098 Unused Serialized files (Serialized files now loaded: 0)
System memory in use before: 57.5 MB.
System memory in use after: 57.6 MB.

Unloading 5 unused Assets to reduce memory usage. Loaded Objects now: 1554.
Total: 2.183500 ms (FindLiveObjects: 0.278800 ms CreateObjectMapping: 0.037900 ms MarkObjects: 1.796500 ms  DeleteObjects: 0.068600 ms)

========================================================================
Received Import Request.
  Time since last request: 250.562756 seconds.
  path: Assets/Scripts/Pooling/ObjectPooling.cs
  artifactKey: Guid(8336ed88ad9013a40b9093389f4de124) Importer(815301076,1909f56bfc062723c751e8b465ee728b)
Start importing Assets/Scripts/Pooling/ObjectPooling.cs using Guid(8336ed88ad9013a40b9093389f4de124) Importer(815301076,1909f56bfc062723c751e8b465ee728b)  -> (artifact id: '22f58f8143b9958ff2ee4bdeaa60185c') in 0.007753 seconds
  Import took 0.022039 seconds .

========================================================================
Received Import Request.
  Time since last request: 0.107425 seconds.
  path: Assets/Scripts/Pooling/ObjectPooling.cs
  artifactKey: Guid(8336ed88ad9013a40b9093389f4de124) Importer(815301076,1909f56bfc062723c751e8b465ee728b)
Start importing Assets/Scripts/Pooling/ObjectPooling.cs using Guid(8336ed88ad9013a40b9093389f4de124) Importer(815301076,1909f56bfc062723c751e8b465ee728b)  -> (artifact id: '22f58f8143b9958ff2ee4bdeaa60185c') in 0.004664 seconds
  Import took 0.009532 seconds .

========================================================================
Received Prepare
Registering precompiled user dll's ...
Registered in 0.001068 seconds.
Begin MonoManager ReloadAssembly
Native extension for WindowsStandalone target not found
Refreshing native plugins compatible for Editor in 0.28 ms, found 0 plugins.
Preloading 0 native plugins for Editor in 0.00 ms.
Invoked RoslynAnalysisRunner static constructor.
RoslynAnalysisRunner will not be running.
RoslynAnalysisRunner has terminated.
Mono: successfully reloaded assembly
- Completed reload, in  1.364 seconds
Platform modules already initialized, skipping
Refreshing native plugins compatible for Editor in 0.25 ms, found 0 plugins.
Preloading 0 native plugins for Editor in 0.00 ms.
Unloading 1098 Unused Serialized files (Serialized files now loaded: 0)
System memory in use before: 57.6 MB.
System memory in use after: 57.7 MB.

Unloading 5 unused Assets to reduce memory usage. Loaded Objects now: 1556.
Total: 2.218600 ms (FindLiveObjects: 0.197700 ms CreateObjectMapping: 0.032500 ms MarkObjects: 1.914300 ms  DeleteObjects: 0.072900 ms)

========================================================================
Received Import Request.
  Time since last request: 112.816069 seconds.
  path: Assets/Scripts/Pooling/ObjectPooling.cs
  artifactKey: Guid(8336ed88ad9013a40b9093389f4de124) Importer(815301076,1909f56bfc062723c751e8b465ee728b)
Start importing Assets/Scripts/Pooling/ObjectPooling.cs using Guid(8336ed88ad9013a40b9093389f4de124) Importer(815301076,1909f56bfc062723c751e8b465ee728b)  -> (artifact id: '483f63dbd3f0ed8d0331af254f874c65') in 0.008982 seconds
  Import took 0.013988 seconds .

========================================================================
Received Prepare
Registering precompiled user dll's ...
Registered in 0.001299 seconds.
Begin MonoManager ReloadAssembly
Native extension for WindowsStandalone target not found
Refreshing native plugins compatible for Editor in 0.24 ms, found 0 plugins.
Preloading 0 native plugins for Editor in 0.00 ms.
Invoked RoslynAnalysisRunner static constructor.
RoslynAnalysisRunner will not be running.
RoslynAnalysisRunner has terminated.
Mono: successfully reloaded assembly
- Completed reload, in  1.272 seconds
Platform modules already initialized, skipping
Refreshing native plugins compatible for Editor in 0.25 ms, found 0 plugins.
Preloading 0 native plugins for Editor in 0.00 ms.
Unloading 1098 Unused Serialized files (Serialized files now loaded: 0)
System memory in use before: 57.7 MB.
System memory in use after: 57.8 MB.

Unloading 5 unused Assets to reduce memory usage. Loaded Objects now: 1558.
Total: 3.492000 ms (FindLiveObjects: 0.379400 ms CreateObjectMapping: 0.038600 ms MarkObjects: 2.980900 ms  DeleteObjects: 0.090400 ms)

========================================================================
Received Import Request.
  Time since last request: 34.192728 seconds.
  path: Assets/Scripts/Pooling/ObjectPooling.cs
  artifactKey: Guid(8336ed88ad9013a40b9093389f4de124) Importer(815301076,1909f56bfc062723c751e8b465ee728b)
Start importing Assets/Scripts/Pooling/ObjectPooling.cs using Guid(8336ed88ad9013a40b9093389f4de124) Importer(815301076,1909f56bfc062723c751e8b465ee728b)  -> (artifact id: '3b9f93eefd5db9fd752025204780f478') in 0.010890 seconds
  Import took 0.015223 seconds .

========================================================================
Received Import Request.
  Time since last request: 0.121290 seconds.
  path: Assets/Scripts/Pooling/ObjectPooling.cs
  artifactKey: Guid(8336ed88ad9013a40b9093389f4de124) Importer(815301076,1909f56bfc062723c751e8b465ee728b)
Start importing Assets/Scripts/Pooling/ObjectPooling.cs using Guid(8336ed88ad9013a40b9093389f4de124) Importer(815301076,1909f56bfc062723c751e8b465ee728b)  -> (artifact id: '3b9f93eefd5db9fd752025204780f478') in 0.005907 seconds
  Import took 0.009466 seconds .

========================================================================
Received Prepare
Registering precompiled user dll's ...
Registered in 0.000935 seconds.
Begin MonoManager ReloadAssembly
Native extension for WindowsStandalone target not found
Refreshing native plugins compatible for Editor in 0.24 ms, found 0 plugins.
Preloading 0 native plugins for Editor in 0.00 ms.
Invoked RoslynAnalysisRunner static constructor.
RoslynAnalysisRunner will not be running.
RoslynAnalysisRunner has terminated.
Mono: successfully reloaded assembly
- Completed reload, in  1.310 seconds
Platform modules already initialized, skipping
Refreshing native plugins compatible for Editor in 0.25 ms, found 0 plugins.
Preloading 0 native plugins for Editor in 0.00 ms.
Unloading 1098 Unused Serialized files (Serialized files now loaded: 0)
System memory in use before: 57.8 MB.
System memory in use after: 57.9 MB.

Unloading 5 unused Assets to reduce memory usage. Loaded Objects now: 1560.
Total: 4.448800 ms (FindLiveObjects: 0.419100 ms CreateObjectMapping: 0.089300 ms MarkObjects: 3.838700 ms  DeleteObjects: 0.098800 ms)

========================================================================
Received Import Request.
  Time since last request: 23.423276 seconds.
  path: Assets/Scripts/Pooling/ObjectPooling.cs
  artifactKey: Guid(8336ed88ad9013a40b9093389f4de124) Importer(815301076,1909f56bfc062723c751e8b465ee728b)
Start importing Assets/Scripts/Pooling/ObjectPooling.cs using Guid(8336ed88ad9013a40b9093389f4de124) Importer(815301076,1909f56bfc062723c751e8b465ee728b)  -> (artifact id: '577ca678400cb3aafb2be5f3151d9cd4') in 0.010978 seconds
  Import took 0.015860 seconds .

========================================================================
Received Prepare
Registering precompiled user dll's ...
Registered in 0.001044 seconds.
Begin MonoManager ReloadAssembly
Native extension for WindowsStandalone target not found
Refreshing native plugins compatible for Editor in 0.39 ms, found 0 plugins.
Preloading 0 native plugins for Editor in 0.00 ms.
Invoked RoslynAnalysisRunner static constructor.
RoslynAnalysisRunner will not be running.
RoslynAnalysisRunner has terminated.
Mono: successfully reloaded assembly
- Completed reload, in  1.322 seconds
Platform modules already initialized, skipping
Refreshing native plugins compatible for Editor in 0.24 ms, found 0 plugins.
Preloading 0 native plugins for Editor in 0.00 ms.
Unloading 1098 Unused Serialized files (Serialized files now loaded: 0)
System memory in use before: 57.9 MB.
System memory in use after: 58.0 MB.

Unloading 5 unused Assets to reduce memory usage. Loaded Objects now: 1562.
Total: 2.112000 ms (FindLiveObjects: 0.196400 ms CreateObjectMapping: 0.030700 ms MarkObjects: 1.813100 ms  DeleteObjects: 0.070800 ms)

========================================================================
Received Import Request.
  Time since last request: 62.484617 seconds.
  path: Assets/Scripts/Pooling/ObjectPooling.cs
  artifactKey: Guid(8336ed88ad9013a40b9093389f4de124) Importer(815301076,1909f56bfc062723c751e8b465ee728b)
Start importing Assets/Scripts/Pooling/ObjectPooling.cs using Guid(8336ed88ad9013a40b9093389f4de124) Importer(815301076,1909f56bfc062723c751e8b465ee728b)  -> (artifact id: '016714cb244477ee375952702f02fd1e') in 0.012994 seconds
  Import took 0.016692 seconds .

========================================================================
Received Import Request.
  Time since last request: 0.085077 seconds.
  path: Assets/Scripts/Pooling/ObjectPooling.cs
  artifactKey: Guid(8336ed88ad9013a40b9093389f4de124) Importer(815301076,1909f56bfc062723c751e8b465ee728b)
Start importing Assets/Scripts/Pooling/ObjectPooling.cs using Guid(8336ed88ad9013a40b9093389f4de124) Importer(815301076,1909f56bfc062723c751e8b465ee728b)  -> (artifact id: '016714cb244477ee375952702f02fd1e') in 0.004604 seconds
  Import took 0.007796 seconds .

========================================================================
Received Prepare
Registering precompiled user dll's ...
Registered in 0.001057 seconds.
Begin MonoManager ReloadAssembly
Native extension for WindowsStandalone target not found
Refreshing native plugins compatible for Editor in 0.30 ms, found 0 plugins.
Preloading 0 native plugins for Editor in 0.00 ms.
Invoked RoslynAnalysisRunner static constructor.
RoslynAnalysisRunner will not be running.
RoslynAnalysisRunner has terminated.
Mono: successfully reloaded assembly
- Completed reload, in  1.393 seconds
Platform modules already initialized, skipping
Refreshing native plugins compatible for Editor in 0.24 ms, found 0 plugins.
Preloading 0 native plugins for Editor in 0.00 ms.
Unloading 1098 Unused Serialized files (Serialized files now loaded: 0)
System memory in use before: 58.0 MB.
System memory in use after: 58.1 MB.

Unloading 5 unused Assets to reduce memory usage. Loaded Objects now: 1564.
Total: 2.107200 ms (FindLiveObjects: 0.186800 ms CreateObjectMapping: 0.030400 ms MarkObjects: 1.814800 ms  DeleteObjects: 0.073900 ms)

========================================================================
Received Prepare
Registering precompiled user dll's ...
Registered in 0.001141 seconds.
Begin MonoManager ReloadAssembly
Native extension for WindowsStandalone target not found
Refreshing native plugins compatible for Editor in 0.25 ms, found 0 plugins.
Preloading 0 native plugins for Editor in 0.00 ms.
Invoked RoslynAnalysisRunner static constructor.
RoslynAnalysisRunner will not be running.
RoslynAnalysisRunner has terminated.
Mono: successfully reloaded assembly
- Completed reload, in  1.279 seconds
Platform modules already initialized, skipping
Refreshing native plugins compatible for Editor in 0.27 ms, found 0 plugins.
Preloading 0 native plugins for Editor in 0.00 ms.
Unloading 1098 Unused Serialized files (Serialized files now loaded: 0)
System memory in use before: 58.1 MB.
System memory in use after: 58.2 MB.

Unloading 5 unused Assets to reduce memory usage. Loaded Objects now: 1566.
Total: 3.054100 ms (FindLiveObjects: 0.437700 ms CreateObjectMapping: 0.087500 ms MarkObjects: 2.446600 ms  DeleteObjects: 0.079000 ms)

========================================================================
Received Import Request.
  Time since last request: 108.373828 seconds.
  path: Assets/Scripts/Pooling/ObjectPooling.cs
  artifactKey: Guid(8336ed88ad9013a40b9093389f4de124) Importer(815301076,1909f56bfc062723c751e8b465ee728b)
Start importing Assets/Scripts/Pooling/ObjectPooling.cs using Guid(8336ed88ad9013a40b9093389f4de124) Importer(815301076,1909f56bfc062723c751e8b465ee728b)  -> (artifact id: '2907cac031de20484d2ade92826ef3fa') in 0.010467 seconds
  Import took 0.013502 seconds .

========================================================================
Received Prepare
Registering precompiled user dll's ...
Registered in 0.000968 seconds.
Begin MonoManager ReloadAssembly
Native extension for WindowsStandalone target not found
Refreshing native plugins compatible for Editor in 0.33 ms, found 0 plugins.
Preloading 0 native plugins for Editor in 0.00 ms.
Invoked RoslynAnalysisRunner static constructor.
RoslynAnalysisRunner will not be running.
RoslynAnalysisRunner has terminated.
Mono: successfully reloaded assembly
- Completed reload, in  1.258 seconds
Platform modules already initialized, skipping
Refreshing native plugins compatible for Editor in 0.25 ms, found 0 plugins.
Preloading 0 native plugins for Editor in 0.00 ms.
Unloading 1098 Unused Serialized files (Serialized files now loaded: 0)
System memory in use before: 58.2 MB.
System memory in use after: 58.3 MB.

Unloading 5 unused Assets to reduce memory usage. Loaded Objects now: 1568.
Total: 3.452700 ms (FindLiveObjects: 0.424000 ms CreateObjectMapping: 0.088500 ms MarkObjects: 2.837600 ms  DeleteObjects: 0.100300 ms)

========================================================================
Received Prepare
Registering precompiled user dll's ...
Registered in 0.001052 seconds.
Begin MonoManager ReloadAssembly
Native extension for WindowsStandalone target not found
Refreshing native plugins compatible for Editor in 0.32 ms, found 0 plugins.
Preloading 0 native plugins for Editor in 0.00 ms.
Invoked RoslynAnalysisRunner static constructor.
RoslynAnalysisRunner will not be running.
RoslynAnalysisRunner has terminated.
Mono: successfully reloaded assembly
- Completed reload, in  1.290 seconds
Platform modules already initialized, skipping
Refreshing native plugins compatible for Editor in 0.27 ms, found 0 plugins.
Preloading 0 native plugins for Editor in 0.00 ms.
Unloading 1098 Unused Serialized files (Serialized files now loaded: 0)
System memory in use before: 58.3 MB.
System memory in use after: 58.4 MB.

Unloading 5 unused Assets to reduce memory usage. Loaded Objects now: 1570.
Total: 2.738300 ms (FindLiveObjects: 0.235800 ms CreateObjectMapping: 0.045400 ms MarkObjects: 2.381400 ms  DeleteObjects: 0.073900 ms)

========================================================================
Received Prepare
Registering precompiled user dll's ...
Registered in 0.000831 seconds.
Begin MonoManager ReloadAssembly
Native extension for WindowsStandalone target not found
Refreshing native plugins compatible for Editor in 0.26 ms, found 0 plugins.
Preloading 0 native plugins for Editor in 0.00 ms.
Invoked RoslynAnalysisRunner static constructor.
RoslynAnalysisRunner will not be running.
RoslynAnalysisRunner has terminated.
Mono: successfully reloaded assembly
- Completed reload, in  1.175 seconds
Platform modules already initialized, skipping
Refreshing native plugins compatible for Editor in 0.24 ms, found 0 plugins.
Preloading 0 native plugins for Editor in 0.00 ms.
Unloading 1098 Unused Serialized files (Serialized files now loaded: 0)
System memory in use before: 58.5 MB.
System memory in use after: 58.5 MB.

Unloading 5 unused Assets to reduce memory usage. Loaded Objects now: 1572.
Total: 2.977200 ms (FindLiveObjects: 0.284600 ms CreateObjectMapping: 0.067800 ms MarkObjects: 2.548800 ms  DeleteObjects: 0.074100 ms)

========================================================================
Received Prepare
Registering precompiled user dll's ...
Registered in 0.001050 seconds.
Begin MonoManager ReloadAssembly
Native extension for WindowsStandalone target not found
Refreshing native plugins compatible for Editor in 0.27 ms, found 0 plugins.
Preloading 0 native plugins for Editor in 0.00 ms.
Invoked RoslynAnalysisRunner static constructor.
RoslynAnalysisRunner will not be running.
RoslynAnalysisRunner has terminated.
Mono: successfully reloaded assembly
- Completed reload, in  1.199 seconds
Platform modules already initialized, skipping
Refreshing native plugins compatible for Editor in 0.26 ms, found 0 plugins.
Preloading 0 native plugins for Editor in 0.00 ms.
Unloading 1098 Unused Serialized files (Serialized files now loaded: 0)
System memory in use before: 58.6 MB.
System memory in use after: 58.6 MB.

Unloading 5 unused Assets to reduce memory usage. Loaded Objects now: 1574.
Total: 3.494700 ms (FindLiveObjects: 0.333500 ms CreateObjectMapping: 0.059500 ms MarkObjects: 3.001400 ms  DeleteObjects: 0.098000 ms)

========================================================================
Received Prepare
Registering precompiled user dll's ...
Registered in 0.001202 seconds.
Begin MonoManager ReloadAssembly
Native extension for WindowsStandalone target not found
Refreshing native plugins compatible for Editor in 0.29 ms, found 0 plugins.
Preloading 0 native plugins for Editor in 0.00 ms.
Invoked RoslynAnalysisRunner static constructor.
RoslynAnalysisRunner will not be running.
RoslynAnalysisRunner has terminated.
Mono: successfully reloaded assembly
- Completed reload, in  1.230 seconds
Platform modules already initialized, skipping
Refreshing native plugins compatible for Editor in 0.25 ms, found 0 plugins.
Preloading 0 native plugins for Editor in 0.00 ms.
Unloading 1098 Unused Serialized files (Serialized files now loaded: 0)
System memory in use before: 58.7 MB.
System memory in use after: 58.7 MB.

Unloading 5 unused Assets to reduce memory usage. Loaded Objects now: 1576.
Total: 3.694000 ms (FindLiveObjects: 0.283000 ms CreateObjectMapping: 0.064800 ms MarkObjects: 3.269000 ms  DeleteObjects: 0.075500 ms)

========================================================================
Received Prepare
Registering precompiled user dll's ...
Registered in 0.001209 seconds.
Begin MonoManager ReloadAssembly
Native extension for WindowsStandalone target not found
Refreshing native plugins compatible for Editor in 0.24 ms, found 0 plugins.
Preloading 0 native plugins for Editor in 0.00 ms.
Invoked RoslynAnalysisRunner static constructor.
RoslynAnalysisRunner will not be running.
RoslynAnalysisRunner has terminated.
Mono: successfully reloaded assembly
- Completed reload, in  1.174 seconds
Platform modules already initialized, skipping
Refreshing native plugins compatible for Editor in 0.30 ms, found 0 plugins.
Preloading 0 native plugins for Editor in 0.00 ms.
Unloading 1098 Unused Serialized files (Serialized files now loaded: 0)
System memory in use before: 58.8 MB.
System memory in use after: 58.8 MB.

Unloading 5 unused Assets to reduce memory usage. Loaded Objects now: 1578.
Total: 3.428200 ms (FindLiveObjects: 0.307000 ms CreateObjectMapping: 0.066300 ms MarkObjects: 2.961800 ms  DeleteObjects: 0.091000 ms)

========================================================================
Received Prepare
Registering precompiled user dll's ...
Registered in 0.000926 seconds.
Begin MonoManager ReloadAssembly
Native extension for WindowsStandalone target not found
Refreshing native plugins compatible for Editor in 0.26 ms, found 0 plugins.
Preloading 0 native plugins for Editor in 0.00 ms.
Invoked RoslynAnalysisRunner static constructor.
RoslynAnalysisRunner will not be running.
RoslynAnalysisRunner has terminated.
Mono: successfully reloaded assembly
- Completed reload, in  1.187 seconds
Platform modules already initialized, skipping
Refreshing native plugins compatible for Editor in 0.28 ms, found 0 plugins.
Preloading 0 native plugins for Editor in 0.00 ms.
Unloading 1098 Unused Serialized files (Serialized files now loaded: 0)
System memory in use before: 58.9 MB.
System memory in use after: 58.9 MB.

Unloading 5 unused Assets to reduce memory usage. Loaded Objects now: 1580.
Total: 2.897200 ms (FindLiveObjects: 0.353400 ms CreateObjectMapping: 0.041100 ms MarkObjects: 2.428500 ms  DeleteObjects: 0.072700 ms)

AssetImportWorkerClient::OnTransportError - code=2 error=End of file
